{"C:\\Users\\Luciano\\OneDrive\\Escritorio\\repo-local\\crear-cuestionarios\\src\\services\\subject.service.ts": {"path":"C:\\Users\\Luciano\\OneDrive\\Escritorio\\repo-local\\crear-cuestionarios\\src\\services\\subject.service.ts","statementMap":{"0":{"start":{"line":8,"column":2},"end":{"line":8,"column":null}},"1":{"start":{"line":19,"column":13},"end":{"line":19,"column":null}},"2":{"start":{"line":20,"column":33},"end":{"line":24,"column":null}},"3":{"start":{"line":25,"column":2},"end":{"line":25,"column":null}},"4":{"start":{"line":26,"column":2},"end":{"line":26,"column":null}},"5":{"start":{"line":35,"column":2},"end":{"line":35,"column":null}}},"fnMap":{"0":{"name":"getAll","decl":{"start":{"line":7,"column":22},"end":{"line":7,"column":52}},"loc":{"start":{"line":7,"column":52},"end":{"line":9,"column":null}},"line":7},"1":{"name":"add","decl":{"start":{"line":18,"column":22},"end":{"line":18,"column":26}},"loc":{"start":{"line":18,"column":59},"end":{"line":27,"column":null}},"line":18},"2":{"name":"remove","decl":{"start":{"line":34,"column":22},"end":{"line":34,"column":29}},"loc":{"start":{"line":34,"column":56},"end":{"line":36,"column":null}},"line":34}},"branchMap":{},"s":{"0":4,"1":6,"2":6,"3":6,"4":6,"5":2},"f":{"0":4,"1":6,"2":2},"b":{},"meta":{"lastBranch":0,"lastFunction":3,"lastStatement":6,"seen":{"f:7:22:7:52":0,"s:8:2:8:Infinity":0,"f:18:22:18:26":1,"s:19:13:19:Infinity":1,"s:20:33:24:Infinity":2,"s:25:2:25:Infinity":3,"s:26:2:26:Infinity":4,"f:34:22:34:29":2,"s:35:2:35:Infinity":5},"fnNames":{}}}
}
